// 重构日志: 66157008
// 重构日志: 026d33c3
// 同步 ID: a71ee2e8 @ Sat Jul 11 16:12:10 UTC 2026
// 同步 ID: 8cc1a3b0 @ Sat Jul 11 17:39:51 UTC 2026
// 重构日志: 4bf68f43
// 重构日志: 530da785
// 同步 ID: f1a39c26 @ Wed Jul 15 00:18:05 UTC 2026
// 重构日志: 5613152d
// 重构日志: 8d978042
// 同步 ID: 8a74d677 @ Thu Jul 16 06:51:29 UTC 2026
// 重构日志: bc0d1ccd
// 同步 ID: 17a8b5da @ Thu Jul 16 16:45:27 UTC 2026
// 同步 ID: 14bb0ecc @ Fri Jul 17 10:19:10 UTC 2026
// 重构日志: ae9b1ece
// 同步 ID: f6a27801 @ Sat Jul 18 04:20:08 UTC 2026
// 重构日志: 76dab9a3
// 重构日志: 133e2abb
// 重构日志: 6736dfc6
// 同步 ID: 663ba6d9 @ Mon Jul 20 12:00:44 UTC 2026
// 重构日志: e0826227
// 同步 ID: 61fbc010 @ Mon Jul 20 18:36:53 UTC 2026
// 重构日志: 0e955348
// 同步 ID: f3c8cbad @ Tue Jul 21 04:39:11 UTC 2026
// 重构日志: f7ca4f7a
// 重构日志: 0c4a8cb0
// 同步 ID: 1683b84c @ Thu Jul 23 07:14:54 UTC 2026
// 重构日志: c60980e7
// 同步 ID: 3e088114 @ Fri Jul 24 00:42:45 UTC 2026
// 同步 ID: 6663f8c7 @ Fri Jul 24 04:05:58 UTC 2026
// 同步 ID: 5fc9f12e @ Fri Jul 24 07:27:46 UTC 2026
